Removed Member From Class: ClassName=IOT Schematic File Member=Relay Module
Change Component Footprint: Designator=GPRS/GSM Module Old Footprint=PCB-8uel65i6q3phkplthmbk-1 New Footprint=TE Connectivity 87224-8
Change Component Comment : Designator=GPRS/GSM Module Old Comment=Molex 0530470810 New Comment=TE Connectivity 87224-8
Change Component Designator: OldDesignator=J* NewDesignator=Relay Module
Added Component: Designator=5Vin(PCB-6mcc19iryir3ivv449no-1)
Add component (AddParameter): Name = "Contact Plating"; Value = "Tin, Silver"; VariantName = "[No Variations]"
Add component (AddParameter): Name = "Flammability Rating"; Value = "UL 94 V-0"; VariantName = "[No Variations]"
Add component (AddParameter): Name = "Gender"; Value = "Male"; VariantName = "[No Variations]"
Add component (AddParameter): Name = "Housing Color"; Value = "Green"; VariantName = "[No Variations]"
Add component (AddParameter): Name = "Lead-Free Status"; Value = "Lead Free"; VariantName = "[No Variations]"
Add component (AddParameter): Name = "Manufacturer Part Number"; Value = "1923869"; VariantName = "[No Variations]"
Add component (AddParameter): Name = "Mounting Style"; Value = "Through Hole, Solder"; VariantName = "[No Variations]"
Add component (AddParameter): Name = "Octopart URL"; Value = "https://octopart.com/1923869-phoenix+contact-1726158"; VariantName = "[No Variations]"
Add component (AddParameter): Name = "OctopartID"; Value = "dced15fdaf45032a"; VariantName = "[No Variations]"
Add component (AddParameter): Name = "RoHS"; Value = "Compliant"; VariantName = "[No Variations]"
Added Component: Designator=12Vin(PCB-6mcc19iryir3ivv449no-1)
Add component (AddParameter): Name = "Contact Plating"; Value = "Tin, Silver"; VariantName = "[No Variations]"
Add component (AddParameter): Name = "Flammability Rating"; Value = "UL 94 V-0"; VariantName = "[No Variations]"
Add component (AddParameter): Name = "Gender"; Value = "Male"; VariantName = "[No Variations]"
Add component (AddParameter): Name = "Housing Color"; Value = "Green"; VariantName = "[No Variations]"
Add component (AddParameter): Name = "Lead-Free Status"; Value = "Lead Free"; VariantName = "[No Variations]"
Add component (AddParameter): Name = "Manufacturer Part Number"; Value = "1923869"; VariantName = "[No Variations]"
Add component (AddParameter): Name = "Mounting Style"; Value = "Through Hole, Solder"; VariantName = "[No Variations]"
Add component (AddParameter): Name = "Octopart URL"; Value = "https://octopart.com/1923869-phoenix+contact-1726158"; VariantName = "[No Variations]"
Add component (AddParameter): Name = "OctopartID"; Value = "dced15fdaf45032a"; VariantName = "[No Variations]"
Add component (AddParameter): Name = "RoHS"; Value = "Compliant"; VariantName = "[No Variations]"
Added Component: Designator=12Vout(PCB-6mcc19iryir3ivv449no-1)
Add component (AddParameter): Name = "Contact Plating"; Value = "Tin, Silver"; VariantName = "[No Variations]"
Add component (AddParameter): Name = "Flammability Rating"; Value = "UL 94 V-0"; VariantName = "[No Variations]"
Add component (AddParameter): Name = "Gender"; Value = "Male"; VariantName = "[No Variations]"
Add component (AddParameter): Name = "Housing Color"; Value = "Green"; VariantName = "[No Variations]"
Add component (AddParameter): Name = "Lead-Free Status"; Value = "Lead Free"; VariantName = "[No Variations]"
Add component (AddParameter): Name = "Manufacturer Part Number"; Value = "1923869"; VariantName = "[No Variations]"
Add component (AddParameter): Name = "Mounting Style"; Value = "Through Hole, Solder"; VariantName = "[No Variations]"
Add component (AddParameter): Name = "Octopart URL"; Value = "https://octopart.com/1923869-phoenix+contact-1726158"; VariantName = "[No Variations]"
Add component (AddParameter): Name = "OctopartID"; Value = "dced15fdaf45032a"; VariantName = "[No Variations]"
Add component (AddParameter): Name = "RoHS"; Value = "Compliant"; VariantName = "[No Variations]"
Added Pin To Net: NetName=+5 Pin=5Vin-1
Added Pin To Net: NetName=GND Pin=5Vin-2
Added Pin To Net: NetName=GND Pin=12Vin-2
Added Pin To Net: NetName=GND Pin=12Vout-2
Added Pin To Net: NetName=GND Pin=Relay Module-2
Added Pin To Net: NetName=GND Pin=Relay Module-4
Added Pin To Net: NetName=GND Pin=Relay Module-6
Added Pin To Net: NetName=GND Pin=Relay Module-8
Added Pin To Net: NetName=+12 Pin=12Vin-1
Added Pin To Net: NetName=+12 Pin=12Vout-1
Added Net: Name=+12
Added Pin To Net: NetName=NetArtduino Mega_A0 Pin=Artduino Mega-A0
Added Pin To Net: NetName=NetArtduino Mega_A0 Pin=Relay Module-1
Added Net: Name=NetArtduino Mega_A0
Added Pin To Net: NetName=NetArtduino Mega_A1 Pin=Artduino Mega-A1
Added Pin To Net: NetName=NetArtduino Mega_A1 Pin=Relay Module-3
Added Net: Name=NetArtduino Mega_A1
Added Pin To Net: NetName=NetArtduino Mega_A2 Pin=Artduino Mega-A2
Added Pin To Net: NetName=NetArtduino Mega_A2 Pin=Relay Module-5
Added Net: Name=NetArtduino Mega_A2
Added Pin To Net: NetName=NetArtduino Mega_A3 Pin=Artduino Mega-A3
Added Pin To Net: NetName=NetArtduino Mega_A3 Pin=Relay Module-7
Added Net: Name=NetArtduino Mega_A3
Added Member To Class: ClassName=IOT Schematic File Member=Component 5Vin DVOPOLNI KONEKTOR gregor
Added Member To Class: ClassName=IOT Schematic File Member=Component 12Vin DVOPOLNI KONEKTOR gregor
Added Member To Class: ClassName=IOT Schematic File Member=Component 12Vout DVOPOLNI KONEKTOR gregor
