Change Component Designator: OldDesignator=* NewDesignator=Artduino Mega
Added Component: Designator=J2(PCB-sk86k7dvvjlolx5r1p4b-1)
Add component (AddParameter): Name = "Contact Material"; Value = "Phosphor Bronze"; VariantName = "[No Variations]"
Add component (AddParameter): Name = "Contact Plating"; Value = "Gold"; VariantName = "[No Variations]"
Add component (AddParameter): Name = "Contact Resistance"; Value = "25.0 mO"; VariantName = "[No Variations]"
Add component (AddParameter): Name = "Current Rating"; Value = "3.00 A"; VariantName = "[No Variations]"
Add component (AddParameter): Name = "Gender"; Value = "Female"; VariantName = "[No Variations]"
Add component (AddParameter): Name = "Insulation Resistance"; Value = "10.0 GO"; VariantName = "[No Variations]"
Add component (AddParameter): Name = "Manufacturer Part Number"; Value = "M20-9990345"; VariantName = "[No Variations]"
Add component (AddParameter): Name = "Mounting Style"; Value = "Through Hole, Vertical"; VariantName = "[No Variations]"
Add component (AddParameter): Name = "Number of Contacts"; Value = "9"; VariantName = "[No Variations]"
Add component (AddParameter): Name = "Number of Mating Cycles"; Value = "300"; VariantName = "[No Variations]"
Add component (AddParameter): Name = "Octopart URL"; Value = "https://octopart.com/m20-9990345-harwin-5393032"; VariantName = "[No Variations]"
Add component (AddParameter): Name = "Operating Temperature"; Value = "-40.0 °C (min)"; VariantName = "[No Variations]"
Add component (AddParameter): Name = "Pin Pitch"; Value = "2.54 mm"; VariantName = "[No Variations]"
Add component (AddParameter): Name = "REACH SVHC Compliance"; Value = "No SVHC"; VariantName = "[No Variations]"
Add component (AddParameter): Name = "RoHS"; Value = "Compliant"; VariantName = "[No Variations]"
Add component (AddParameter): Name = "Voltage Rating (AC)"; Value = "750 V"; VariantName = "[No Variations]"
Added Component: Designator=J3(PCB-sk86k7dvvjlolx5r1p4b-1)
Add component (AddParameter): Name = "Contact Material"; Value = "Phosphor Bronze"; VariantName = "[No Variations]"
Add component (AddParameter): Name = "Contact Plating"; Value = "Gold"; VariantName = "[No Variations]"
Add component (AddParameter): Name = "Contact Resistance"; Value = "25.0 mO"; VariantName = "[No Variations]"
Add component (AddParameter): Name = "Current Rating"; Value = "3.00 A"; VariantName = "[No Variations]"
Add component (AddParameter): Name = "Gender"; Value = "Female"; VariantName = "[No Variations]"
Add component (AddParameter): Name = "Insulation Resistance"; Value = "10.0 GO"; VariantName = "[No Variations]"
Add component (AddParameter): Name = "Manufacturer Part Number"; Value = "M20-9990345"; VariantName = "[No Variations]"
Add component (AddParameter): Name = "Mounting Style"; Value = "Through Hole, Vertical"; VariantName = "[No Variations]"
Add component (AddParameter): Name = "Number of Contacts"; Value = "9"; VariantName = "[No Variations]"
Add component (AddParameter): Name = "Number of Mating Cycles"; Value = "300"; VariantName = "[No Variations]"
Add component (AddParameter): Name = "Octopart URL"; Value = "https://octopart.com/m20-9990345-harwin-5393032"; VariantName = "[No Variations]"
Add component (AddParameter): Name = "Operating Temperature"; Value = "-40.0 °C (min)"; VariantName = "[No Variations]"
Add component (AddParameter): Name = "Pin Pitch"; Value = "2.54 mm"; VariantName = "[No Variations]"
Add component (AddParameter): Name = "REACH SVHC Compliance"; Value = "No SVHC"; VariantName = "[No Variations]"
Add component (AddParameter): Name = "RoHS"; Value = "Compliant"; VariantName = "[No Variations]"
Add component (AddParameter): Name = "Voltage Rating (AC)"; Value = "750 V"; VariantName = "[No Variations]"
Added Component: Designator=J4(PCB-sk86k7dvvjlolx5r1p4b-1)
Add component (AddParameter): Name = "Contact Material"; Value = "Phosphor Bronze"; VariantName = "[No Variations]"
Add component (AddParameter): Name = "Contact Plating"; Value = "Gold"; VariantName = "[No Variations]"
Add component (AddParameter): Name = "Contact Resistance"; Value = "25.0 mO"; VariantName = "[No Variations]"
Add component (AddParameter): Name = "Current Rating"; Value = "3.00 A"; VariantName = "[No Variations]"
Add component (AddParameter): Name = "Gender"; Value = "Female"; VariantName = "[No Variations]"
Add component (AddParameter): Name = "Insulation Resistance"; Value = "10.0 GO"; VariantName = "[No Variations]"
Add component (AddParameter): Name = "Manufacturer Part Number"; Value = "M20-9990345"; VariantName = "[No Variations]"
Add component (AddParameter): Name = "Mounting Style"; Value = "Through Hole, Vertical"; VariantName = "[No Variations]"
Add component (AddParameter): Name = "Number of Contacts"; Value = "9"; VariantName = "[No Variations]"
Add component (AddParameter): Name = "Number of Mating Cycles"; Value = "300"; VariantName = "[No Variations]"
Add component (AddParameter): Name = "Octopart URL"; Value = "https://octopart.com/m20-9990345-harwin-5393032"; VariantName = "[No Variations]"
Add component (AddParameter): Name = "Operating Temperature"; Value = "-40.0 °C (min)"; VariantName = "[No Variations]"
Add component (AddParameter): Name = "Pin Pitch"; Value = "2.54 mm"; VariantName = "[No Variations]"
Add component (AddParameter): Name = "REACH SVHC Compliance"; Value = "No SVHC"; VariantName = "[No Variations]"
Add component (AddParameter): Name = "RoHS"; Value = "Compliant"; VariantName = "[No Variations]"
Add component (AddParameter): Name = "Voltage Rating (AC)"; Value = "750 V"; VariantName = "[No Variations]"
Added Component: Designator=J5(PCB-sk86k7dvvjlolx5r1p4b-1)
Add component (AddParameter): Name = "Contact Material"; Value = "Phosphor Bronze"; VariantName = "[No Variations]"
Add component (AddParameter): Name = "Contact Plating"; Value = "Gold"; VariantName = "[No Variations]"
Add component (AddParameter): Name = "Contact Resistance"; Value = "25.0 mO"; VariantName = "[No Variations]"
Add component (AddParameter): Name = "Current Rating"; Value = "3.00 A"; VariantName = "[No Variations]"
Add component (AddParameter): Name = "Gender"; Value = "Female"; VariantName = "[No Variations]"
Add component (AddParameter): Name = "Insulation Resistance"; Value = "10.0 GO"; VariantName = "[No Variations]"
Add component (AddParameter): Name = "Manufacturer Part Number"; Value = "M20-9990345"; VariantName = "[No Variations]"
Add component (AddParameter): Name = "Mounting Style"; Value = "Through Hole, Vertical"; VariantName = "[No Variations]"
Add component (AddParameter): Name = "Number of Contacts"; Value = "9"; VariantName = "[No Variations]"
Add component (AddParameter): Name = "Number of Mating Cycles"; Value = "300"; VariantName = "[No Variations]"
Add component (AddParameter): Name = "Octopart URL"; Value = "https://octopart.com/m20-9990345-harwin-5393032"; VariantName = "[No Variations]"
Add component (AddParameter): Name = "Operating Temperature"; Value = "-40.0 °C (min)"; VariantName = "[No Variations]"
Add component (AddParameter): Name = "Pin Pitch"; Value = "2.54 mm"; VariantName = "[No Variations]"
Add component (AddParameter): Name = "REACH SVHC Compliance"; Value = "No SVHC"; VariantName = "[No Variations]"
Add component (AddParameter): Name = "RoHS"; Value = "Compliant"; VariantName = "[No Variations]"
Add component (AddParameter): Name = "Voltage Rating (AC)"; Value = "750 V"; VariantName = "[No Variations]"
Added Component: Designator=J6(PCB-sk86k7dvvjlolx5r1p4b-1)
Add component (AddParameter): Name = "Contact Material"; Value = "Phosphor Bronze"; VariantName = "[No Variations]"
Add component (AddParameter): Name = "Contact Plating"; Value = "Gold"; VariantName = "[No Variations]"
Add component (AddParameter): Name = "Contact Resistance"; Value = "25.0 mO"; VariantName = "[No Variations]"
Add component (AddParameter): Name = "Current Rating"; Value = "3.00 A"; VariantName = "[No Variations]"
Add component (AddParameter): Name = "Gender"; Value = "Female"; VariantName = "[No Variations]"
Add component (AddParameter): Name = "Insulation Resistance"; Value = "10.0 GO"; VariantName = "[No Variations]"
Add component (AddParameter): Name = "Manufacturer Part Number"; Value = "M20-9990345"; VariantName = "[No Variations]"
Add component (AddParameter): Name = "Mounting Style"; Value = "Through Hole, Vertical"; VariantName = "[No Variations]"
Add component (AddParameter): Name = "Number of Contacts"; Value = "9"; VariantName = "[No Variations]"
Add component (AddParameter): Name = "Number of Mating Cycles"; Value = "300"; VariantName = "[No Variations]"
Add component (AddParameter): Name = "Octopart URL"; Value = "https://octopart.com/m20-9990345-harwin-5393032"; VariantName = "[No Variations]"
Add component (AddParameter): Name = "Operating Temperature"; Value = "-40.0 °C (min)"; VariantName = "[No Variations]"
Add component (AddParameter): Name = "Pin Pitch"; Value = "2.54 mm"; VariantName = "[No Variations]"
Add component (AddParameter): Name = "REACH SVHC Compliance"; Value = "No SVHC"; VariantName = "[No Variations]"
Add component (AddParameter): Name = "RoHS"; Value = "Compliant"; VariantName = "[No Variations]"
Add component (AddParameter): Name = "Voltage Rating (AC)"; Value = "750 V"; VariantName = "[No Variations]"
Added Component: Designator=J7(PCB-sk86k7dvvjlolx5r1p4b-1)
Add component (AddParameter): Name = "Contact Material"; Value = "Phosphor Bronze"; VariantName = "[No Variations]"
Add component (AddParameter): Name = "Contact Plating"; Value = "Gold"; VariantName = "[No Variations]"
Add component (AddParameter): Name = "Contact Resistance"; Value = "25.0 mO"; VariantName = "[No Variations]"
Add component (AddParameter): Name = "Current Rating"; Value = "3.00 A"; VariantName = "[No Variations]"
Add component (AddParameter): Name = "Gender"; Value = "Female"; VariantName = "[No Variations]"
Add component (AddParameter): Name = "Insulation Resistance"; Value = "10.0 GO"; VariantName = "[No Variations]"
Add component (AddParameter): Name = "Manufacturer Part Number"; Value = "M20-9990345"; VariantName = "[No Variations]"
Add component (AddParameter): Name = "Mounting Style"; Value = "Through Hole, Vertical"; VariantName = "[No Variations]"
Add component (AddParameter): Name = "Number of Contacts"; Value = "9"; VariantName = "[No Variations]"
Add component (AddParameter): Name = "Number of Mating Cycles"; Value = "300"; VariantName = "[No Variations]"
Add component (AddParameter): Name = "Octopart URL"; Value = "https://octopart.com/m20-9990345-harwin-5393032"; VariantName = "[No Variations]"
Add component (AddParameter): Name = "Operating Temperature"; Value = "-40.0 °C (min)"; VariantName = "[No Variations]"
Add component (AddParameter): Name = "Pin Pitch"; Value = "2.54 mm"; VariantName = "[No Variations]"
Add component (AddParameter): Name = "REACH SVHC Compliance"; Value = "No SVHC"; VariantName = "[No Variations]"
Add component (AddParameter): Name = "RoHS"; Value = "Compliant"; VariantName = "[No Variations]"
Add component (AddParameter): Name = "Voltage Rating (AC)"; Value = "750 V"; VariantName = "[No Variations]"
Added Component: Designator=J8(PCB-sk86k7dvvjlolx5r1p4b-1)
Add component (AddParameter): Name = "Contact Material"; Value = "Phosphor Bronze"; VariantName = "[No Variations]"
Add component (AddParameter): Name = "Contact Plating"; Value = "Gold"; VariantName = "[No Variations]"
Add component (AddParameter): Name = "Contact Resistance"; Value = "25.0 mO"; VariantName = "[No Variations]"
Add component (AddParameter): Name = "Current Rating"; Value = "3.00 A"; VariantName = "[No Variations]"
Add component (AddParameter): Name = "Gender"; Value = "Female"; VariantName = "[No Variations]"
Add component (AddParameter): Name = "Insulation Resistance"; Value = "10.0 GO"; VariantName = "[No Variations]"
Add component (AddParameter): Name = "Manufacturer Part Number"; Value = "M20-9990345"; VariantName = "[No Variations]"
Add component (AddParameter): Name = "Mounting Style"; Value = "Through Hole, Vertical"; VariantName = "[No Variations]"
Add component (AddParameter): Name = "Number of Contacts"; Value = "9"; VariantName = "[No Variations]"
Add component (AddParameter): Name = "Number of Mating Cycles"; Value = "300"; VariantName = "[No Variations]"
Add component (AddParameter): Name = "Octopart URL"; Value = "https://octopart.com/m20-9990345-harwin-5393032"; VariantName = "[No Variations]"
Add component (AddParameter): Name = "Operating Temperature"; Value = "-40.0 °C (min)"; VariantName = "[No Variations]"
Add component (AddParameter): Name = "Pin Pitch"; Value = "2.54 mm"; VariantName = "[No Variations]"
Add component (AddParameter): Name = "REACH SVHC Compliance"; Value = "No SVHC"; VariantName = "[No Variations]"
Add component (AddParameter): Name = "RoHS"; Value = "Compliant"; VariantName = "[No Variations]"
Add component (AddParameter): Name = "Voltage Rating (AC)"; Value = "750 V"; VariantName = "[No Variations]"
Added Component: Designator=J9(PCB-sk86k7dvvjlolx5r1p4b-1)
Add component (AddParameter): Name = "Contact Material"; Value = "Phosphor Bronze"; VariantName = "[No Variations]"
Add component (AddParameter): Name = "Contact Plating"; Value = "Gold"; VariantName = "[No Variations]"
Add component (AddParameter): Name = "Contact Resistance"; Value = "25.0 mO"; VariantName = "[No Variations]"
Add component (AddParameter): Name = "Current Rating"; Value = "3.00 A"; VariantName = "[No Variations]"
Add component (AddParameter): Name = "Gender"; Value = "Female"; VariantName = "[No Variations]"
Add component (AddParameter): Name = "Insulation Resistance"; Value = "10.0 GO"; VariantName = "[No Variations]"
Add component (AddParameter): Name = "Manufacturer Part Number"; Value = "M20-9990345"; VariantName = "[No Variations]"
Add component (AddParameter): Name = "Mounting Style"; Value = "Through Hole, Vertical"; VariantName = "[No Variations]"
Add component (AddParameter): Name = "Number of Contacts"; Value = "9"; VariantName = "[No Variations]"
Add component (AddParameter): Name = "Number of Mating Cycles"; Value = "300"; VariantName = "[No Variations]"
Add component (AddParameter): Name = "Octopart URL"; Value = "https://octopart.com/m20-9990345-harwin-5393032"; VariantName = "[No Variations]"
Add component (AddParameter): Name = "Operating Temperature"; Value = "-40.0 °C (min)"; VariantName = "[No Variations]"
Add component (AddParameter): Name = "Pin Pitch"; Value = "2.54 mm"; VariantName = "[No Variations]"
Add component (AddParameter): Name = "REACH SVHC Compliance"; Value = "No SVHC"; VariantName = "[No Variations]"
Add component (AddParameter): Name = "RoHS"; Value = "Compliant"; VariantName = "[No Variations]"
Add component (AddParameter): Name = "Voltage Rating (AC)"; Value = "750 V"; VariantName = "[No Variations]"
Added Component: Designator=J10(PCB-sk86k7dvvjlolx5r1p4b-1)
Add component (AddParameter): Name = "Contact Material"; Value = "Phosphor Bronze"; VariantName = "[No Variations]"
Add component (AddParameter): Name = "Contact Plating"; Value = "Gold"; VariantName = "[No Variations]"
Add component (AddParameter): Name = "Contact Resistance"; Value = "25.0 mO"; VariantName = "[No Variations]"
Add component (AddParameter): Name = "Current Rating"; Value = "3.00 A"; VariantName = "[No Variations]"
Add component (AddParameter): Name = "Gender"; Value = "Female"; VariantName = "[No Variations]"
Add component (AddParameter): Name = "Insulation Resistance"; Value = "10.0 GO"; VariantName = "[No Variations]"
Add component (AddParameter): Name = "Manufacturer Part Number"; Value = "M20-9990345"; VariantName = "[No Variations]"
Add component (AddParameter): Name = "Mounting Style"; Value = "Through Hole, Vertical"; VariantName = "[No Variations]"
Add component (AddParameter): Name = "Number of Contacts"; Value = "9"; VariantName = "[No Variations]"
Add component (AddParameter): Name = "Number of Mating Cycles"; Value = "300"; VariantName = "[No Variations]"
Add component (AddParameter): Name = "Octopart URL"; Value = "https://octopart.com/m20-9990345-harwin-5393032"; VariantName = "[No Variations]"
Add component (AddParameter): Name = "Operating Temperature"; Value = "-40.0 °C (min)"; VariantName = "[No Variations]"
Add component (AddParameter): Name = "Pin Pitch"; Value = "2.54 mm"; VariantName = "[No Variations]"
Add component (AddParameter): Name = "REACH SVHC Compliance"; Value = "No SVHC"; VariantName = "[No Variations]"
Add component (AddParameter): Name = "RoHS"; Value = "Compliant"; VariantName = "[No Variations]"
Add component (AddParameter): Name = "Voltage Rating (AC)"; Value = "750 V"; VariantName = "[No Variations]"
Added Pin To Net: NetName=+5 Pin=Artduino Mega-5V2
Added Pin To Net: NetName=+5 Pin=J1-1
Added Pin To Net: NetName=+5 Pin=J2-1
Added Pin To Net: NetName=+5 Pin=J3-1
Added Pin To Net: NetName=+5 Pin=J4-1
Added Pin To Net: NetName=+5 Pin=J5-1
Added Pin To Net: NetName=+5 Pin=J6-1
Added Pin To Net: NetName=+5 Pin=J7-1
Added Pin To Net: NetName=+5 Pin=J8-1
Added Pin To Net: NetName=+5 Pin=J9-1
Added Pin To Net: NetName=+5 Pin=J10-1
Added Net: Name=+5
Added Pin To Net: NetName=GND Pin=Artduino Mega-GND4
Added Pin To Net: NetName=GND Pin=J1-3
Added Pin To Net: NetName=GND Pin=J2-3
Added Pin To Net: NetName=GND Pin=J3-3
Added Pin To Net: NetName=GND Pin=J4-3
Added Pin To Net: NetName=GND Pin=J5-3
Added Pin To Net: NetName=GND Pin=J6-3
Added Pin To Net: NetName=GND Pin=J7-3
Added Pin To Net: NetName=GND Pin=J8-3
Added Pin To Net: NetName=GND Pin=J9-3
Added Pin To Net: NetName=GND Pin=J10-3
Added Net: Name=GND
Added Pin To Net: NetName=NetLabel1 Pin=Artduino Mega-D4
Added Pin To Net: NetName=NetLabel1 Pin=J1-2
Added Net: Name=NetLabel1
Added Pin To Net: NetName=NetLabel2 Pin=Artduino Mega-D5
Added Pin To Net: NetName=NetLabel2 Pin=J2-2
Added Net: Name=NetLabel2
Added Pin To Net: NetName=NetLabel3 Pin=Artduino Mega-D6
Added Pin To Net: NetName=NetLabel3 Pin=J3-2
Added Net: Name=NetLabel3
Added Pin To Net: NetName=NetLabel4 Pin=Artduino Mega-D7
Added Pin To Net: NetName=NetLabel4 Pin=J4-2
Added Net: Name=NetLabel4
Added Pin To Net: NetName=NetLabel5 Pin=Artduino Mega-D8
Added Pin To Net: NetName=NetLabel5 Pin=J5-2
Added Net: Name=NetLabel5
Added Pin To Net: NetName=NetLabel6 Pin=Artduino Mega-D9
Added Pin To Net: NetName=NetLabel6 Pin=J6-2
Added Net: Name=NetLabel6
Added Pin To Net: NetName=NetLabel7 Pin=Artduino Mega-D10
Added Pin To Net: NetName=NetLabel7 Pin=J7-2
Added Net: Name=NetLabel7
Added Pin To Net: NetName=NetLabel8 Pin=Artduino Mega-D11
Added Pin To Net: NetName=NetLabel8 Pin=J8-2
Added Net: Name=NetLabel8
Added Pin To Net: NetName=NetLabel9 Pin=Artduino Mega-D12
Added Pin To Net: NetName=NetLabel9 Pin=J9-2
Added Net: Name=NetLabel9
Added Pin To Net: NetName=NetLabel10 Pin=Artduino Mega-D13
Added Pin To Net: NetName=NetLabel10 Pin=J10-2
Added Net: Name=NetLabel10
Added Member To Class: ClassName=IOT Schematic File Member=Component J2 JMP_3_PTH
Added Member To Class: ClassName=IOT Schematic File Member=Component J3 JMP_3_PTH
Added Member To Class: ClassName=IOT Schematic File Member=Component J4 JMP_3_PTH
Added Member To Class: ClassName=IOT Schematic File Member=Component J5 JMP_3_PTH
Added Member To Class: ClassName=IOT Schematic File Member=Component J6 JMP_3_PTH
Added Member To Class: ClassName=IOT Schematic File Member=Component J7 JMP_3_PTH
Added Member To Class: ClassName=IOT Schematic File Member=Component J8 JMP_3_PTH
Added Member To Class: ClassName=IOT Schematic File Member=Component J9 JMP_3_PTH
Added Member To Class: ClassName=IOT Schematic File Member=Component J10 JMP_3_PTH
