Added Component: Designator=*(PCB-p7nzuijqxbxapx86evqw-1)
Add component (AddParameter): Name = "Contact Plating"; Value = "Silver"; VariantName = "[No Variations]"
Add component (AddParameter): Name = "Flammability Rating"; Value = "UL 94 V-0"; VariantName = "[No Variations]"
Add component (AddParameter): Name = "Housing Color"; Value = "Black"; VariantName = "[No Variations]"
Add component (AddParameter): Name = "Housing Material"; Value = "Nylon"; VariantName = "[No Variations]"
Add component (AddParameter): Name = "Insulation Material"; Value = "Nylon"; VariantName = "[No Variations]"
Add component (AddParameter): Name = "Lead-Free Status"; Value = "Lead Free"; VariantName = "[No Variations]"
Add component (AddParameter): Name = "Manufacturer Part Number"; Value = "1933192"; VariantName = "[No Variations]"
Add component (AddParameter): Name = "Mounting Angle"; Value = "180 °"; VariantName = "[No Variations]"
Add component (AddParameter): Name = "Mounting Style"; Value = "Through Hole, Solder"; VariantName = "[No Variations]"
Add component (AddParameter): Name = "Number of Positions"; Value = "3"; VariantName = "[No Variations]"
Add component (AddParameter): Name = "Number of Rows"; Value = "1"; VariantName = "[No Variations]"
Add component (AddParameter): Name = "Octopart URL"; Value = "http://octopart.com/1933192-phoenix+contact-66988"; VariantName = "[No Variations]"
Add component (AddParameter): Name = "OctopartID"; Value = "1b12d2193bd8c4d5"; VariantName = "[No Variations]"
Add component (AddParameter): Name = "Pin Pitch"; Value = "5.00 mm"; VariantName = "[No Variations]"
Add component (AddParameter): Name = "RoHS"; Value = "Compliant"; VariantName = "[No Variations]"
Add component (AddParameter): Name = "Size-Height"; Value = "13.0 mm"; VariantName = "[No Variations]"
Add component (AddParameter): Name = "Size-Length"; Value = "15.0 mm"; VariantName = "[No Variations]"
Add component (AddParameter): Name = "Voltage Rating (DC)"; Value = "400 V"; VariantName = "[No Variations]"
Added Component: Designator=*(PCBComponent_1)
Add component (AddParameter): Name = "Manufacturer Part Number"; Value = "ARDUINO MEGA 2560 REV3"; VariantName = "[No Variations]"
Add component (AddParameter): Name = "Octopart URL"; Value = "https://octopart.com/arduino+mega+2560+rev3-arduino-29408153"; VariantName = "[No Variations]"
Add component (AddParameter): Name = "OctopartID"; Value = "2569eda3bb96faae"; VariantName = "[No Variations]"
Added Component: Designator=J1(PCB-sk86k7dvvjlolx5r1p4b-1)
Add component (AddParameter): Name = "Contact Material"; Value = "Phosphor Bronze"; VariantName = "[No Variations]"
Add component (AddParameter): Name = "Contact Plating"; Value = "Gold"; VariantName = "[No Variations]"
Add component (AddParameter): Name = "Contact Resistance"; Value = "25.0 mO"; VariantName = "[No Variations]"
Add component (AddParameter): Name = "Current Rating"; Value = "3.00 A"; VariantName = "[No Variations]"
Add component (AddParameter): Name = "Gender"; Value = "Female"; VariantName = "[No Variations]"
Add component (AddParameter): Name = "Insulation Resistance"; Value = "10.0 GO"; VariantName = "[No Variations]"
Add component (AddParameter): Name = "Manufacturer Part Number"; Value = "M20-9990345"; VariantName = "[No Variations]"
Add component (AddParameter): Name = "Mounting Style"; Value = "Through Hole, Vertical"; VariantName = "[No Variations]"
Add component (AddParameter): Name = "Number of Contacts"; Value = "9"; VariantName = "[No Variations]"
Add component (AddParameter): Name = "Number of Mating Cycles"; Value = "300"; VariantName = "[No Variations]"
Add component (AddParameter): Name = "Octopart URL"; Value = "https://octopart.com/m20-9990345-harwin-5393032"; VariantName = "[No Variations]"
Add component (AddParameter): Name = "Operating Temperature"; Value = "-40.0 °C (min)"; VariantName = "[No Variations]"
Add component (AddParameter): Name = "Pin Pitch"; Value = "2.54 mm"; VariantName = "[No Variations]"
Add component (AddParameter): Name = "REACH SVHC Compliance"; Value = "No SVHC"; VariantName = "[No Variations]"
Add component (AddParameter): Name = "RoHS"; Value = "Compliant"; VariantName = "[No Variations]"
Add component (AddParameter): Name = "Voltage Rating (AC)"; Value = "750 V"; VariantName = "[No Variations]"
Added Class: Name=IOT Schematic File
